<?xml version="1.0" encoding="UTF-8"?>
<testng-results skipped="0" failed="0" ignored="0" total="2" passed="2">
  <reporter-output>
  </reporter-output>
  <suite name="Suite" duration-ms="26666" started-at="2023-02-25T18:49:30 IST" finished-at="2023-02-25T18:49:56 IST">
    <groups>
    </groups>
    <test name="Test" duration-ms="26666" started-at="2023-02-25T18:49:30 IST" finished-at="2023-02-25T18:49:56 IST">
      <class name="week7.day2.testcase.CreateLeadTestcase">
        <test-method status="PASS" signature="setup()[pri:0, instance:week7.day2.testcase.CreateLeadTestcase@4d1b0d2a]" name="setup" is-config="true" duration-ms="11" started-at="2023-02-25T18:49:30 IST" finished-at="2023-02-25T18:49:30 IST">
          <reporter-output>
          </reporter-output>
        </test-method> <!-- setup -->
        <test-method status="PASS" signature="LaunchBrowser()[pri:0, instance:week7.day2.testcase.CreateLeadTestcase@4d1b0d2a]" name="LaunchBrowser" is-config="true" duration-ms="19311" started-at="2023-02-25T18:49:31 IST" finished-at="2023-02-25T18:49:50 IST">
          <reporter-output>
          </reporter-output>
        </test-method> <!-- LaunchBrowser -->
        <test-method status="PASS" signature="runCreateLeadTestcase(java.lang.String,java.lang.String,java.lang.String)[pri:0, instance:week7.day2.testcase.CreateLeadTestcase@4d1b0d2a]" name="runCreateLeadTestcase" duration-ms="5979" started-at="2023-02-25T18:49:50 IST" data-provider="fetchData" finished-at="2023-02-25T18:49:56 IST">
          <params>
            <param index="0">
              <value>
                <![CDATA[TestLeaf]]>
              </value>
            </param>
            <param index="1">
              <value>
                <![CDATA[Hari]]>
              </value>
            </param>
            <param index="2">
              <value>
                <![CDATA[R]]>
              </value>
            </param>
          </params>
          <reporter-output>
          </reporter-output>
        </test-method> <!-- runCreateLeadTestcase -->
        <test-method status="PASS" signature="tearDown()[pri:0, instance:week7.day2.testcase.CreateLeadTestcase@4d1b0d2a]" name="tearDown" is-config="true" duration-ms="173" started-at="2023-02-25T18:49:56 IST" finished-at="2023-02-25T18:49:56 IST">
          <reporter-output>
          </reporter-output>
        </test-method> <!-- tearDown -->
      </class> <!-- week7.day2.testcase.CreateLeadTestcase -->
      <class name="week7.day2.testcase.DuplicateLeadTestcase">
        <test-method status="PASS" signature="setup()[pri:0, instance:week7.day2.testcase.DuplicateLeadTestcase@306279ee]" name="setup" is-config="true" duration-ms="0" started-at="2023-02-25T18:49:30 IST" finished-at="2023-02-25T18:49:30 IST">
          <reporter-output>
          </reporter-output>
        </test-method> <!-- setup -->
        <test-method status="PASS" signature="LaunchBrowser()[pri:0, instance:week7.day2.testcase.DuplicateLeadTestcase@306279ee]" name="LaunchBrowser" is-config="true" duration-ms="13292" started-at="2023-02-25T18:49:31 IST" finished-at="2023-02-25T18:49:44 IST">
          <reporter-output>
          </reporter-output>
        </test-method> <!-- LaunchBrowser -->
        <test-method status="PASS" signature="runCreateLeadTestcase(java.lang.String)[pri:0, instance:week7.day2.testcase.DuplicateLeadTestcase@306279ee]" name="runCreateLeadTestcase" duration-ms="11362" started-at="2023-02-25T18:49:44 IST" data-provider="fetchData" finished-at="2023-02-25T18:49:55 IST">
          <params>
            <param index="0">
              <value>
                <![CDATA[99]]>
              </value>
            </param>
          </params>
          <reporter-output>
          </reporter-output>
        </test-method> <!-- runCreateLeadTestcase -->
        <test-method status="PASS" signature="tearDown()[pri:0, instance:week7.day2.testcase.DuplicateLeadTestcase@306279ee]" name="tearDown" is-config="true" duration-ms="147" started-at="2023-02-25T18:49:55 IST" finished-at="2023-02-25T18:49:56 IST">
          <reporter-output>
          </reporter-output>
        </test-method> <!-- tearDown -->
      </class> <!-- week7.day2.testcase.DuplicateLeadTestcase -->
    </test> <!-- Test -->
  </suite> <!-- Suite -->
</testng-results>
